<?xml version="1.0" encoding="UTF-8"?>
<testsuite xmlns:xsi="http://www.w3.org/2001/XMLSchema-instance" xsi:noNamespaceSchemaLocation="https://maven.apache.org/surefire/maven-surefire-plugin/xsd/surefire-test-report-3.0.xsd" version="3.0" name="at.ac.htlstp.et.aiit23k4b2.Aiit23k4b2ApplicationTests" time="3.73" tests="1" errors="0" skipped="0" failures="0">
  <properties>
[...]
</properties>
  <testcase name="contextLoads" classname="at.ac.htlstp.et.aiit23k4b2.Aiit23k4b2ApplicationTests" time="1.08">
    <system-out><![CDATA[16:01:29.553 [main] INFO org.springframework.test.context.support.AnnotationConfigContextLoaderUtils -- Could not detect default configuration classes for test class [at.ac.htlstp.et.aiit23k4b2.Aiit23k4b2ApplicationTests]: Aiit23k4b2ApplicationTests does not declare any static, non-private, non-final, nested classes annotated with @Configuration.
16:01:29.671 [main] INFO org.springframework.boot.test.context.SpringBootTestContextBootstrapper -- Found @SpringBootConfiguration at.ac.htlstp.et.aiit23k4b2.Aiit23k4b2Application for test class at.ac.htlstp.et.aiit23k4b2.Aiit23k4b2ApplicationTests

  .   ____          _            __ _ _
 /\\ / ___'_ __ _ _(_)_ __  __ _ \ \ \ \
( ( )\___ | '_ | '_| | '_ \/ _` | \ \ \ \
 \\/  ___)| |_)| | | | | || (_| |  ) ) ) )
  '  |____| .__|_| |_|_| |_\__, | / / / /
 =========|_|==============|___/=/_/_/_/
 :: Spring Boot ::                (v3.2.2)

2024-10-14T16:01:30.186+02:00  INFO 2836 --- [           main] a.a.h.e.a.Aiit23k4b2ApplicationTests     : Starting Aiit23k4b2ApplicationTests using Java 21.0.2 with PID 2836 (started by leand in D:\Schule\AIIT_Java\1Test)
2024-10-14T16:01:30.188+02:00  INFO 2836 --- [           main] a.a.h.e.a.Aiit23k4b2ApplicationTests     : No active profile set, falling back to 1 default profile: "default"
2024-10-14T16:01:31.584+02:00  INFO 2836 --- [           main] o.s.b.a.w.s.WelcomePageHandlerMapping    : Adding welcome page: class path resource [static/index.html]
2024-10-14T16:01:31.883+02:00  WARN 2836 --- [           main] ion$DefaultTemplateResolverConfiguration : Cannot find template location: classpath:/templates/ (please add some templates, check your Thymeleaf configuration, or set spring.thymeleaf.check-template-location=false)
2024-10-14T16:01:31.957+02:00  INFO 2836 --- [           main] a.a.h.e.a.Aiit23k4b2ApplicationTests     : Started Aiit23k4b2ApplicationTests in 2.117 seconds (process running for 3.314)
]]></system-out>
    <system-err><![CDATA[WARNING: A Java agent has been loaded dynamically (C:\Users\leand\.m2\repository\net\bytebuddy\byte-buddy-agent\1.14.11\byte-buddy-agent-1.14.11.jar)
WARNING: If a serviceability tool is in use, please run with -XX:+EnableDynamicAgentLoading to hide this warning
WARNING: If a serviceability tool is not in use, please run with -Djdk.instrument.traceUsage for more information
WARNING: Dynamic loading of agents will be disallowed by default in a future release
]]></system-err>
  </testcase>
</testsuite>